<?xml version="1.0" encoding="UTF-8"?>
<testng-results skipped="0" failed="0" ignored="0" total="1" passed="1">
  <reporter-output>
  </reporter-output>
  <suite name="Default suite" duration-ms="3068" started-at="2021-07-01T05:52:53 IST" finished-at="2021-07-01T05:52:56 IST">
    <groups>
    </groups>
    <test name="Default test" duration-ms="3068" started-at="2021-07-01T05:52:53 IST" finished-at="2021-07-01T05:52:56 IST">
      <class name="specBuilder.AddPlace_ResponseSpecBuilder">
        <test-method status="PASS" signature="AddGoogleMap()[pri:0, instance:specBuilder.AddPlace_ResponseSpecBuilder@7d0587f1]" name="AddGoogleMap" duration-ms="3007" started-at="2021-07-01T05:52:53 IST" finished-at="2021-07-01T05:52:56 IST">
          <reporter-output>
          </reporter-output>
        </test-method> <!-- AddGoogleMap -->
      </class> <!-- specBuilder.AddPlace_ResponseSpecBuilder -->
    </test> <!-- Default test -->
  </suite> <!-- Default suite -->
</testng-results>
